<?xml version="1.0" encoding="UTF-8"?>
<!-- Generated by org.testng.reporters.JUnitReportReporter -->
<testsuite hostname="LAPTOP-49RHCJIK" failures="0" tests="3" name="AutoPandaExe.ExecAutoPandaCtcFrm" time="6.259" errors="0" timestamp="2023-08-24T11:09:40 IST" skipped="0">
  <testcase classname="AutoPandaExe.ExecAutoPandaCtcFrm" name="ctcPg" time="1.791"/>
  <system-out/>
  <testcase classname="AutoPandaExe.ExecAutoPandaCtcFrm" name="frmCrtn" time="4.335"/>
  <system-out/>
  <testcase classname="AutoPandaExe.ExecAutoPandaCtcFrm" name="succMsg" time="0.133"/>
  <system-out/>
</testsuite> <!-- AutoPandaExe.ExecAutoPandaCtcFrm -->
