<?xml version="1.0" encoding="UTF-8"?>
<!-- Generated by org.testng.reporters.JUnitReportReporter -->
<testsuite hostname="LAPTOP-49RHCJIK" failures="0" tests="1" name="ExecFlipkartSrch.FlpkrtSrchExe" time="15.966" errors="0" timestamp="2023-08-24T11:28:33 IST" skipped="0">
  <testcase classname="ExecFlipkartSrch.FlpkrtSrchExe" name="srchItm" time="15.966"/>
  <system-out/>
</testsuite> <!-- ExecFlipkartSrch.FlpkrtSrchExe -->
